<?xml version="1.0" encoding="UTF-8"?>
<!-- Generated by org.testng.reporters.JUnitReportReporter -->
<testsuite hostname="EN412091" failures="0" tests="2" name="com.endava.nasa.atf.steps.NasaApiSteps" time="0.004" errors="0" timestamp="2024-11-13T15:50:17 EET" skipped="0">
  <testcase classname="com.endava.nasa.atf.steps.NasaApiSteps" name="testBaseFunctionality" time="0.000"/>
  <system-out/>
  <testcase classname="com.endava.nasa.atf.steps.NasaApiSteps" name="testApiConnection" time="0.004"/>
  <system-out/>
</testsuite> <!-- com.endava.nasa.atf.steps.NasaApiSteps -->
