<?xml version="1.0" encoding="UTF-8"?>
<testsuite xmlns:xsi="http://www.w3.org/2001/XMLSchema-instance" xsi:noNamespaceSchemaLocation="https://maven.apache.org/surefire/maven-surefire-plugin/xsd/surefire-test-report-3.0.xsd" version="3.0" name="TestSuite" time="18.692" tests="0" errors="0" skipped="0" failures="0">
  <properties>
    <property name="java.specification.version" value="17"/>
    <property name="webdriver.chrome.driver" value="C://Users//vnefedencova//chromedriver.exe"/>
    <property name="sun.cpu.isalist" value="amd64"/>
    <property name="sun.jnu.encoding" value="Cp1252"/>
    <property name="java.class.path" value="C:\Users\vnefedencova\ProjectAV\Project-Demo\target\test-classes;C:\Users\vnefedencova\ProjectAV\Project-Demo\target\classes;C:\Users\vnefedencova\.m2\repository\org\junit\jupiter\junit-jupiter-params\5.11.0\junit-jupiter-params-5.11.0.jar;C:\Users\vnefedencova\.m2\repository\org\apiguardian\apiguardian-api\1.1.2\apiguardian-api-1.1.2.jar;C:\Users\vnefedencova\.m2\repository\org\junit\jupiter\junit-jupiter-engine\5.10.2\junit-jupiter-engine-5.10.2.jar;C:\Users\vnefedencova\.m2\repository\org\junit\platform\junit-platform-engine\1.10.2\junit-platform-engine-1.10.2.jar;C:\Users\vnefedencova\.m2\repository\com\aventstack\extentreports\5.0.9\extentreports-5.0.9.jar;C:\Users\vnefedencova\.m2\repository\io\reactivex\rxjava3\rxjava\3.0.4\rxjava-3.0.4.jar;C:\Users\vnefedencova\.m2\repository\org\reactivestreams\reactive-streams\1.0.3\reactive-streams-1.0.3.jar;C:\Users\vnefedencova\.m2\repository\org\freemarker\freemarker\2.3.30\freemarker-2.3.30.jar;C:\Users\vnefedencova\.m2\repository\com\google\code\gson\gson\2.8.6\gson-2.8.6.jar;C:\Users\vnefedencova\.m2\repository\io\cucumber\cucumber-java\7.14.0\cucumber-java-7.14.0.jar;C:\Users\vnefedencova\.m2\repository\io\cucumber\cucumber-core\7.14.0\cucumber-core-7.14.0.jar;C:\Users\vnefedencova\.m2\repository\io\cucumber\cucumber-gherkin\7.14.0\cucumber-gherkin-7.14.0.jar;C:\Users\vnefedencova\.m2\repository\io\cucumber\cucumber-gherkin-messages\7.14.0\cucumber-gherkin-messages-7.14.0.jar;C:\Users\vnefedencova\.m2\repository\io\cucumber\tag-expressions\5.0.6\tag-expressions-5.0.6.jar;C:\Users\vnefedencova\.m2\repository\io\cucumber\cucumber-expressions\16.1.2\cucumber-expressions-16.1.2.jar;C:\Users\vnefedencova\.m2\repository\io\cucumber\datatable\7.14.0\datatable-7.14.0.jar;C:\Users\vnefedencova\.m2\repository\io\cucumber\cucumber-plugin\7.14.0\cucumber-plugin-7.14.0.jar;C:\Users\vnefedencova\.m2\repository\io\cucumber\docstring\7.14.0\docstring-7.14.0.jar;C:\Users\vnefedencova\.m2\repository\io\cucumber\html-formatter\20.4.0\html-formatter-20.4.0.jar;C:\Users\vnefedencova\.m2\repository\io\cucumber\junit-xml-formatter\0.2.0\junit-xml-formatter-0.2.0.jar;C:\Users\vnefedencova\.m2\repository\io\cucumber\ci-environment\9.2.0\ci-environment-9.2.0.jar;C:\Users\vnefedencova\.m2\repository\io\cucumber\cucumber-junit\7.14.0\cucumber-junit-7.14.0.jar;C:\Users\vnefedencova\.m2\repository\org\seleniumhq\selenium\selenium-java\3.141.59\selenium-java-3.141.59.jar;C:\Users\vnefedencova\.m2\repository\org\seleniumhq\selenium\selenium-chrome-driver\3.141.59\selenium-chrome-driver-3.141.59.jar;C:\Users\vnefedencova\.m2\repository\org\seleniumhq\selenium\selenium-edge-driver\3.141.59\selenium-edge-driver-3.141.59.jar;C:\Users\vnefedencova\.m2\repository\org\seleniumhq\selenium\selenium-firefox-driver\3.141.59\selenium-firefox-driver-3.141.59.jar;C:\Users\vnefedencova\.m2\repository\org\seleniumhq\selenium\selenium-ie-driver\3.141.59\selenium-ie-driver-3.141.59.jar;C:\Users\vnefedencova\.m2\repository\org\seleniumhq\selenium\selenium-opera-driver\3.141.59\selenium-opera-driver-3.141.59.jar;C:\Users\vnefedencova\.m2\repository\org\seleniumhq\selenium\selenium-remote-driver\3.141.59\selenium-remote-driver-3.141.59.jar;C:\Users\vnefedencova\.m2\repository\org\seleniumhq\selenium\selenium-safari-driver\3.141.59\selenium-safari-driver-3.141.59.jar;C:\Users\vnefedencova\.m2\repository\org\seleniumhq\selenium\selenium-support\3.141.59\selenium-support-3.141.59.jar;C:\Users\vnefedencova\.m2\repository\net\bytebuddy\byte-buddy\1.8.15\byte-buddy-1.8.15.jar;C:\Users\vnefedencova\.m2\repository\org\apache\commons\commons-exec\1.3\commons-exec-1.3.jar;C:\Users\vnefedencova\.m2\repository\com\google\guava\guava\25.0-jre\guava-25.0-jre.jar;C:\Users\vnefedencova\.m2\repository\org\checkerframework\checker-compat-qual\2.0.0\checker-compat-qual-2.0.0.jar;C:\Users\vnefedencova\.m2\repository\com\google\errorprone\error_prone_annotations\2.1.3\error_prone_annotations-2.1.3.jar;C:\Users\vnefedencova\.m2\repository\com\google\j2objc\j2objc-annotations\1.1\j2objc-annotations-1.1.jar;C:\Users\vnefedencova\.m2\repository\org\codehaus\mojo\animal-sniffer-annotations\1.14\animal-sniffer-annotations-1.14.jar;C:\Users\vnefedencova\.m2\repository\com\squareup\okhttp3\okhttp\3.11.0\okhttp-3.11.0.jar;C:\Users\vnefedencova\.m2\repository\com\squareup\okio\okio\1.14.0\okio-1.14.0.jar;C:\Users\vnefedencova\.m2\repository\org\seleniumhq\selenium\selenium-api\3.141.59\selenium-api-3.141.59.jar;C:\Users\vnefedencova\.m2\repository\ch\qos\logback\logback-classic\1.4.12\logback-classic-1.4.12.jar;C:\Users\vnefedencova\.m2\repository\org\projectlombok\lombok\1.18.34\lombok-1.18.34.jar;C:\Users\vnefedencova\.m2\repository\io\rest-assured\rest-assured\5.3.0\rest-assured-5.3.0.jar;C:\Users\vnefedencova\.m2\repository\org\apache\groovy\groovy\4.0.6\groovy-4.0.6.jar;C:\Users\vnefedencova\.m2\repository\org\apache\groovy\groovy-xml\4.0.6\groovy-xml-4.0.6.jar;C:\Users\vnefedencova\.m2\repository\org\apache\httpcomponents\httpmime\4.5.13\httpmime-4.5.13.jar;C:\Users\vnefedencova\.m2\repository\org\hamcrest\hamcrest\2.1\hamcrest-2.1.jar;C:\Users\vnefedencova\.m2\repository\org\ccil\cowan\tagsoup\tagsoup\1.2.1\tagsoup-1.2.1.jar;C:\Users\vnefedencova\.m2\repository\io\rest-assured\json-path\5.3.0\json-path-5.3.0.jar;C:\Users\vnefedencova\.m2\repository\org\apache\groovy\groovy-json\4.0.6\groovy-json-4.0.6.jar;C:\Users\vnefedencova\.m2\repository\io\rest-assured\rest-assured-common\5.3.0\rest-assured-common-5.3.0.jar;C:\Users\vnefedencova\.m2\repository\io\rest-assured\xml-path\5.3.0\xml-path-5.3.0.jar;C:\Users\vnefedencova\.m2\repository\org\slf4j\slf4j-api\2.0.13\slf4j-api-2.0.13.jar;C:\Users\vnefedencova\.m2\repository\org\apache\httpcomponents\httpcore\4.4.14\httpcore-4.4.14.jar;C:\Users\vnefedencova\.m2\repository\org\apache\httpcomponents\httpclient\4.5.13\httpclient-4.5.13.jar;C:\Users\vnefedencova\.m2\repository\commons-logging\commons-logging\1.2\commons-logging-1.2.jar;C:\Users\vnefedencova\.m2\repository\commons-codec\commons-codec\1.11\commons-codec-1.11.jar;C:\Users\vnefedencova\.m2\repository\org\springframework\spring-web\6.1.12\spring-web-6.1.12.jar;C:\Users\vnefedencova\.m2\repository\org\springframework\spring-beans\6.1.12\spring-beans-6.1.12.jar;C:\Users\vnefedencova\.m2\repository\org\springframework\spring-core\6.1.12\spring-core-6.1.12.jar;C:\Users\vnefedencova\.m2\repository\org\springframework\spring-jcl\6.1.12\spring-jcl-6.1.12.jar;C:\Users\vnefedencova\.m2\repository\io\micrometer\micrometer-observation\1.12.9\micrometer-observation-1.12.9.jar;C:\Users\vnefedencova\.m2\repository\io\micrometer\micrometer-commons\1.12.9\micrometer-commons-1.12.9.jar;C:\Users\vnefedencova\.m2\repository\com\fasterxml\jackson\core\jackson-databind\2.15.2\jackson-databind-2.15.2.jar;C:\Users\vnefedencova\.m2\repository\com\fasterxml\jackson\core\jackson-annotations\2.15.2\jackson-annotations-2.15.2.jar;C:\Users\vnefedencova\.m2\repository\com\fasterxml\jackson\core\jackson-core\2.15.2\jackson-core-2.15.2.jar;C:\Users\vnefedencova\.m2\repository\org\junit\jupiter\junit-jupiter-api\5.10.0\junit-jupiter-api-5.10.0.jar;C:\Users\vnefedencova\.m2\repository\org\opentest4j\opentest4j\1.3.0\opentest4j-1.3.0.jar;C:\Users\vnefedencova\.m2\repository\org\junit\platform\junit-platform-commons\1.10.0\junit-platform-commons-1.10.0.jar;C:\Users\vnefedencova\.m2\repository\junit\junit\4.13.2\junit-4.13.2.jar;C:\Users\vnefedencova\.m2\repository\org\hamcrest\hamcrest-core\1.3\hamcrest-core-1.3.jar;C:\Users\vnefedencova\.m2\repository\org\junit\platform\junit-platform-runner\1.10.0\junit-platform-runner-1.10.0.jar;C:\Users\vnefedencova\.m2\repository\org\junit\platform\junit-platform-launcher\1.10.0\junit-platform-launcher-1.10.0.jar;C:\Users\vnefedencova\.m2\repository\org\junit\platform\junit-platform-suite-commons\1.10.0\junit-platform-suite-commons-1.10.0.jar;C:\Users\vnefedencova\.m2\repository\org\junit\platform\junit-platform-suite-api\1.10.0\junit-platform-suite-api-1.10.0.jar;C:\Users\vnefedencova\.m2\repository\ch\qos\logback\logback-core\1.4.14\logback-core-1.4.14.jar;C:\Users\vnefedencova\.m2\repository\org\reflections\reflections\0.10.2\reflections-0.10.2.jar;C:\Users\vnefedencova\.m2\repository\org\javassist\javassist\3.28.0-GA\javassist-3.28.0-GA.jar;C:\Users\vnefedencova\.m2\repository\com\google\code\findbugs\jsr305\3.0.2\jsr305-3.0.2.jar;C:\Users\vnefedencova\.m2\repository\org\testng\testng\7.7.0\testng-7.7.0.jar;C:\Users\vnefedencova\.m2\repository\com\beust\jcommander\1.82\jcommander-1.82.jar;C:\Users\vnefedencova\.m2\repository\org\webjars\jquery\3.6.1\jquery-3.6.1.jar;C:\Users\vnefedencova\.m2\repository\org\json\json\20231013\json-20231013.jar;C:\Users\vnefedencova\.m2\repository\com\epam\reportportal\client-java\5.0.21\client-java-5.0.21.jar;C:\Users\vnefedencova\.m2\repository\org\aspectj\aspectjweaver\1.9.2\aspectjweaver-1.9.2.jar;C:\Users\vnefedencova\.m2\repository\org\aspectj\aspectjrt\1.9.2\aspectjrt-1.9.2.jar;C:\Users\vnefedencova\.m2\repository\io\reactivex\rxjava2\rxjava\2.2.10\rxjava-2.2.10.jar;C:\Users\vnefedencova\.m2\repository\org\apache\tika\tika-core\1.20\tika-core-1.20.jar;C:\Users\vnefedencova\.m2\repository\org\apache\httpcomponents\core5\httpcore5\5.2.5\httpcore5-5.2.5.jar;C:\Users\vnefedencova\.m2\repository\log4j\log4j\1.2.12\log4j-1.2.12.jar;C:\Users\vnefedencova\.m2\repository\net\masterthought\cucumber-reporting\5.7.5\cucumber-reporting-5.7.5.jar;C:\Users\vnefedencova\.m2\repository\com\fasterxml\jackson\datatype\jackson-datatype-jsr310\2.13.2\jackson-datatype-jsr310-2.13.2.jar;C:\Users\vnefedencova\.m2\repository\org\apache\velocity\velocity-engine-core\2.3\velocity-engine-core-2.3.jar;C:\Users\vnefedencova\.m2\repository\org\apache\commons\commons-collections4\4.4\commons-collections4-4.4.jar;C:\Users\vnefedencova\.m2\repository\joda-time\joda-time\2.12.2\joda-time-2.12.2.jar;C:\Users\vnefedencova\.m2\repository\org\apache\commons\commons-lang3\3.12.0\commons-lang3-3.12.0.jar;C:\Users\vnefedencova\.m2\repository\commons-io\commons-io\2.7\commons-io-2.7.jar;C:\Users\vnefedencova\.m2\repository\org\codehaus\plexus\plexus-utils\3.5.0\plexus-utils-3.5.0.jar;C:\Users\vnefedencova\.m2\repository\org\jsoup\jsoup\1.15.4\jsoup-1.15.4.jar;C:\Users\vnefedencova\.m2\repository\com\googlecode\owasp-java-html-sanitizer\owasp-java-html-sanitizer\20220608.1\owasp-java-html-sanitizer-20220608.1.jar;C:\Users\vnefedencova\.m2\repository\commons-configuration\commons-configuration\1.10\commons-configuration-1.10.jar;C:\Users\vnefedencova\.m2\repository\commons-lang\commons-lang\2.6\commons-lang-2.6.jar;C:\Users\vnefedencova\.m2\repository\info\cukes\cucumber-junit\1.2.5\cucumber-junit-1.2.5.jar;C:\Users\vnefedencova\.m2\repository\info\cukes\cucumber-core\1.2.5\cucumber-core-1.2.5.jar;C:\Users\vnefedencova\.m2\repository\info\cukes\cucumber-html\0.2.3\cucumber-html-0.2.3.jar;C:\Users\vnefedencova\.m2\repository\info\cukes\cucumber-jvm-deps\1.0.5\cucumber-jvm-deps-1.0.5.jar;C:\Users\vnefedencova\.m2\repository\info\cukes\gherkin\2.12.2\gherkin-2.12.2.jar;C:\Users\vnefedencova\.m2\repository\com\vimalselvam\cucumber-extentsreport\3.1.0\cucumber-extentsreport-3.1.0.jar;C:\Users\vnefedencova\.m2\repository\io\cucumber\cucumber-testng\7.15.0\cucumber-testng-7.15.0.jar;C:\Users\vnefedencova\.m2\repository\io\cucumber\gherkin\28.0.0\gherkin-28.0.0.jar;C:\Users\vnefedencova\.m2\repository\io\cucumber\messages\22.0.0\messages-22.0.0.jar;"/>
    <property name="sun.awt.enableExtraMouseButtons" value="true"/>
    <property name="java.vm.vendor" value="Eclipse Adoptium"/>
    <property name="sun.arch.data.model" value="64"/>
    <property name="user.variant" value=""/>
    <property name="java.vendor.url" value="https://adoptium.net/"/>
    <property name="user.timezone" value="Europe/Chisinau"/>
    <property name="user.country.format" value="RU"/>
    <property name="os.name" value="Windows 11"/>
    <property name="java.vm.specification.version" value="17"/>
    <property name="sun.java.launcher" value="SUN_STANDARD"/>
    <property name="user.country" value="US"/>
    <property name="sun.boot.library.path" value="C:\Users\vnefedencova\.jdks\temurin-17.0.8.1\bin"/>
    <property name="sun.java.command" value="C:\Users\vnefedencova\AppData\Local\Temp\surefire4226659571304824718\surefirebooter5238054098694571433.jar C:\Users\vnefedencova\AppData\Local\Temp\surefire4226659571304824718 2024-11-26T19-00-35_170-jvmRun1 surefire5122131624687663277tmp surefire_04094157872021337597tmp"/>
    <property name="jdk.debug" value="release"/>
    <property name="surefire.test.class.path" value="C:\Users\vnefedencova\ProjectAV\Project-Demo\target\test-classes;C:\Users\vnefedencova\ProjectAV\Project-Demo\target\classes;C:\Users\vnefedencova\.m2\repository\org\junit\jupiter\junit-jupiter-params\5.11.0\junit-jupiter-params-5.11.0.jar;C:\Users\vnefedencova\.m2\repository\org\apiguardian\apiguardian-api\1.1.2\apiguardian-api-1.1.2.jar;C:\Users\vnefedencova\.m2\repository\org\junit\jupiter\junit-jupiter-engine\5.10.2\junit-jupiter-engine-5.10.2.jar;C:\Users\vnefedencova\.m2\repository\org\junit\platform\junit-platform-engine\1.10.2\junit-platform-engine-1.10.2.jar;C:\Users\vnefedencova\.m2\repository\com\aventstack\extentreports\5.0.9\extentreports-5.0.9.jar;C:\Users\vnefedencova\.m2\repository\io\reactivex\rxjava3\rxjava\3.0.4\rxjava-3.0.4.jar;C:\Users\vnefedencova\.m2\repository\org\reactivestreams\reactive-streams\1.0.3\reactive-streams-1.0.3.jar;C:\Users\vnefedencova\.m2\repository\org\freemarker\freemarker\2.3.30\freemarker-2.3.30.jar;C:\Users\vnefedencova\.m2\repository\com\google\code\gson\gson\2.8.6\gson-2.8.6.jar;C:\Users\vnefedencova\.m2\repository\io\cucumber\cucumber-java\7.14.0\cucumber-java-7.14.0.jar;C:\Users\vnefedencova\.m2\repository\io\cucumber\cucumber-core\7.14.0\cucumber-core-7.14.0.jar;C:\Users\vnefedencova\.m2\repository\io\cucumber\cucumber-gherkin\7.14.0\cucumber-gherkin-7.14.0.jar;C:\Users\vnefedencova\.m2\repository\io\cucumber\cucumber-gherkin-messages\7.14.0\cucumber-gherkin-messages-7.14.0.jar;C:\Users\vnefedencova\.m2\repository\io\cucumber\tag-expressions\5.0.6\tag-expressions-5.0.6.jar;C:\Users\vnefedencova\.m2\repository\io\cucumber\cucumber-expressions\16.1.2\cucumber-expressions-16.1.2.jar;C:\Users\vnefedencova\.m2\repository\io\cucumber\datatable\7.14.0\datatable-7.14.0.jar;C:\Users\vnefedencova\.m2\repository\io\cucumber\cucumber-plugin\7.14.0\cucumber-plugin-7.14.0.jar;C:\Users\vnefedencova\.m2\repository\io\cucumber\docstring\7.14.0\docstring-7.14.0.jar;C:\Users\vnefedencova\.m2\repository\io\cucumber\html-formatter\20.4.0\html-formatter-20.4.0.jar;C:\Users\vnefedencova\.m2\repository\io\cucumber\junit-xml-formatter\0.2.0\junit-xml-formatter-0.2.0.jar;C:\Users\vnefedencova\.m2\repository\io\cucumber\ci-environment\9.2.0\ci-environment-9.2.0.jar;C:\Users\vnefedencova\.m2\repository\io\cucumber\cucumber-junit\7.14.0\cucumber-junit-7.14.0.jar;C:\Users\vnefedencova\.m2\repository\org\seleniumhq\selenium\selenium-java\3.141.59\selenium-java-3.141.59.jar;C:\Users\vnefedencova\.m2\repository\org\seleniumhq\selenium\selenium-chrome-driver\3.141.59\selenium-chrome-driver-3.141.59.jar;C:\Users\vnefedencova\.m2\repository\org\seleniumhq\selenium\selenium-edge-driver\3.141.59\selenium-edge-driver-3.141.59.jar;C:\Users\vnefedencova\.m2\repository\org\seleniumhq\selenium\selenium-firefox-driver\3.141.59\selenium-firefox-driver-3.141.59.jar;C:\Users\vnefedencova\.m2\repository\org\seleniumhq\selenium\selenium-ie-driver\3.141.59\selenium-ie-driver-3.141.59.jar;C:\Users\vnefedencova\.m2\repository\org\seleniumhq\selenium\selenium-opera-driver\3.141.59\selenium-opera-driver-3.141.59.jar;C:\Users\vnefedencova\.m2\repository\org\seleniumhq\selenium\selenium-remote-driver\3.141.59\selenium-remote-driver-3.141.59.jar;C:\Users\vnefedencova\.m2\repository\org\seleniumhq\selenium\selenium-safari-driver\3.141.59\selenium-safari-driver-3.141.59.jar;C:\Users\vnefedencova\.m2\repository\org\seleniumhq\selenium\selenium-support\3.141.59\selenium-support-3.141.59.jar;C:\Users\vnefedencova\.m2\repository\net\bytebuddy\byte-buddy\1.8.15\byte-buddy-1.8.15.jar;C:\Users\vnefedencova\.m2\repository\org\apache\commons\commons-exec\1.3\commons-exec-1.3.jar;C:\Users\vnefedencova\.m2\repository\com\google\guava\guava\25.0-jre\guava-25.0-jre.jar;C:\Users\vnefedencova\.m2\repository\org\checkerframework\checker-compat-qual\2.0.0\checker-compat-qual-2.0.0.jar;C:\Users\vnefedencova\.m2\repository\com\google\errorprone\error_prone_annotations\2.1.3\error_prone_annotations-2.1.3.jar;C:\Users\vnefedencova\.m2\repository\com\google\j2objc\j2objc-annotations\1.1\j2objc-annotations-1.1.jar;C:\Users\vnefedencova\.m2\repository\org\codehaus\mojo\animal-sniffer-annotations\1.14\animal-sniffer-annotations-1.14.jar;C:\Users\vnefedencova\.m2\repository\com\squareup\okhttp3\okhttp\3.11.0\okhttp-3.11.0.jar;C:\Users\vnefedencova\.m2\repository\com\squareup\okio\okio\1.14.0\okio-1.14.0.jar;C:\Users\vnefedencova\.m2\repository\org\seleniumhq\selenium\selenium-api\3.141.59\selenium-api-3.141.59.jar;C:\Users\vnefedencova\.m2\repository\ch\qos\logback\logback-classic\1.4.12\logback-classic-1.4.12.jar;C:\Users\vnefedencova\.m2\repository\org\projectlombok\lombok\1.18.34\lombok-1.18.34.jar;C:\Users\vnefedencova\.m2\repository\io\rest-assured\rest-assured\5.3.0\rest-assured-5.3.0.jar;C:\Users\vnefedencova\.m2\repository\org\apache\groovy\groovy\4.0.6\groovy-4.0.6.jar;C:\Users\vnefedencova\.m2\repository\org\apache\groovy\groovy-xml\4.0.6\groovy-xml-4.0.6.jar;C:\Users\vnefedencova\.m2\repository\org\apache\httpcomponents\httpmime\4.5.13\httpmime-4.5.13.jar;C:\Users\vnefedencova\.m2\repository\org\hamcrest\hamcrest\2.1\hamcrest-2.1.jar;C:\Users\vnefedencova\.m2\repository\org\ccil\cowan\tagsoup\tagsoup\1.2.1\tagsoup-1.2.1.jar;C:\Users\vnefedencova\.m2\repository\io\rest-assured\json-path\5.3.0\json-path-5.3.0.jar;C:\Users\vnefedencova\.m2\repository\org\apache\groovy\groovy-json\4.0.6\groovy-json-4.0.6.jar;C:\Users\vnefedencova\.m2\repository\io\rest-assured\rest-assured-common\5.3.0\rest-assured-common-5.3.0.jar;C:\Users\vnefedencova\.m2\repository\io\rest-assured\xml-path\5.3.0\xml-path-5.3.0.jar;C:\Users\vnefedencova\.m2\repository\org\slf4j\slf4j-api\2.0.13\slf4j-api-2.0.13.jar;C:\Users\vnefedencova\.m2\repository\org\apache\httpcomponents\httpcore\4.4.14\httpcore-4.4.14.jar;C:\Users\vnefedencova\.m2\repository\org\apache\httpcomponents\httpclient\4.5.13\httpclient-4.5.13.jar;C:\Users\vnefedencova\.m2\repository\commons-logging\commons-logging\1.2\commons-logging-1.2.jar;C:\Users\vnefedencova\.m2\repository\commons-codec\commons-codec\1.11\commons-codec-1.11.jar;C:\Users\vnefedencova\.m2\repository\org\springframework\spring-web\6.1.12\spring-web-6.1.12.jar;C:\Users\vnefedencova\.m2\repository\org\springframework\spring-beans\6.1.12\spring-beans-6.1.12.jar;C:\Users\vnefedencova\.m2\repository\org\springframework\spring-core\6.1.12\spring-core-6.1.12.jar;C:\Users\vnefedencova\.m2\repository\org\springframework\spring-jcl\6.1.12\spring-jcl-6.1.12.jar;C:\Users\vnefedencova\.m2\repository\io\micrometer\micrometer-observation\1.12.9\micrometer-observation-1.12.9.jar;C:\Users\vnefedencova\.m2\repository\io\micrometer\micrometer-commons\1.12.9\micrometer-commons-1.12.9.jar;C:\Users\vnefedencova\.m2\repository\com\fasterxml\jackson\core\jackson-databind\2.15.2\jackson-databind-2.15.2.jar;C:\Users\vnefedencova\.m2\repository\com\fasterxml\jackson\core\jackson-annotations\2.15.2\jackson-annotations-2.15.2.jar;C:\Users\vnefedencova\.m2\repository\com\fasterxml\jackson\core\jackson-core\2.15.2\jackson-core-2.15.2.jar;C:\Users\vnefedencova\.m2\repository\org\junit\jupiter\junit-jupiter-api\5.10.0\junit-jupiter-api-5.10.0.jar;C:\Users\vnefedencova\.m2\repository\org\opentest4j\opentest4j\1.3.0\opentest4j-1.3.0.jar;C:\Users\vnefedencova\.m2\repository\org\junit\platform\junit-platform-commons\1.10.0\junit-platform-commons-1.10.0.jar;C:\Users\vnefedencova\.m2\repository\junit\junit\4.13.2\junit-4.13.2.jar;C:\Users\vnefedencova\.m2\repository\org\hamcrest\hamcrest-core\1.3\hamcrest-core-1.3.jar;C:\Users\vnefedencova\.m2\repository\org\junit\platform\junit-platform-runner\1.10.0\junit-platform-runner-1.10.0.jar;C:\Users\vnefedencova\.m2\repository\org\junit\platform\junit-platform-launcher\1.10.0\junit-platform-launcher-1.10.0.jar;C:\Users\vnefedencova\.m2\repository\org\junit\platform\junit-platform-suite-commons\1.10.0\junit-platform-suite-commons-1.10.0.jar;C:\Users\vnefedencova\.m2\repository\org\junit\platform\junit-platform-suite-api\1.10.0\junit-platform-suite-api-1.10.0.jar;C:\Users\vnefedencova\.m2\repository\ch\qos\logback\logback-core\1.4.14\logback-core-1.4.14.jar;C:\Users\vnefedencova\.m2\repository\org\reflections\reflections\0.10.2\reflections-0.10.2.jar;C:\Users\vnefedencova\.m2\repository\org\javassist\javassist\3.28.0-GA\javassist-3.28.0-GA.jar;C:\Users\vnefedencova\.m2\repository\com\google\code\findbugs\jsr305\3.0.2\jsr305-3.0.2.jar;C:\Users\vnefedencova\.m2\repository\org\testng\testng\7.7.0\testng-7.7.0.jar;C:\Users\vnefedencova\.m2\repository\com\beust\jcommander\1.82\jcommander-1.82.jar;C:\Users\vnefedencova\.m2\repository\org\webjars\jquery\3.6.1\jquery-3.6.1.jar;C:\Users\vnefedencova\.m2\repository\org\json\json\20231013\json-20231013.jar;C:\Users\vnefedencova\.m2\repository\com\epam\reportportal\client-java\5.0.21\client-java-5.0.21.jar;C:\Users\vnefedencova\.m2\repository\org\aspectj\aspectjweaver\1.9.2\aspectjweaver-1.9.2.jar;C:\Users\vnefedencova\.m2\repository\org\aspectj\aspectjrt\1.9.2\aspectjrt-1.9.2.jar;C:\Users\vnefedencova\.m2\repository\io\reactivex\rxjava2\rxjava\2.2.10\rxjava-2.2.10.jar;C:\Users\vnefedencova\.m2\repository\org\apache\tika\tika-core\1.20\tika-core-1.20.jar;C:\Users\vnefedencova\.m2\repository\org\apache\httpcomponents\core5\httpcore5\5.2.5\httpcore5-5.2.5.jar;C:\Users\vnefedencova\.m2\repository\log4j\log4j\1.2.12\log4j-1.2.12.jar;C:\Users\vnefedencova\.m2\repository\net\masterthought\cucumber-reporting\5.7.5\cucumber-reporting-5.7.5.jar;C:\Users\vnefedencova\.m2\repository\com\fasterxml\jackson\datatype\jackson-datatype-jsr310\2.13.2\jackson-datatype-jsr310-2.13.2.jar;C:\Users\vnefedencova\.m2\repository\org\apache\velocity\velocity-engine-core\2.3\velocity-engine-core-2.3.jar;C:\Users\vnefedencova\.m2\repository\org\apache\commons\commons-collections4\4.4\commons-collections4-4.4.jar;C:\Users\vnefedencova\.m2\repository\joda-time\joda-time\2.12.2\joda-time-2.12.2.jar;C:\Users\vnefedencova\.m2\repository\org\apache\commons\commons-lang3\3.12.0\commons-lang3-3.12.0.jar;C:\Users\vnefedencova\.m2\repository\commons-io\commons-io\2.7\commons-io-2.7.jar;C:\Users\vnefedencova\.m2\repository\org\codehaus\plexus\plexus-utils\3.5.0\plexus-utils-3.5.0.jar;C:\Users\vnefedencova\.m2\repository\org\jsoup\jsoup\1.15.4\jsoup-1.15.4.jar;C:\Users\vnefedencova\.m2\repository\com\googlecode\owasp-java-html-sanitizer\owasp-java-html-sanitizer\20220608.1\owasp-java-html-sanitizer-20220608.1.jar;C:\Users\vnefedencova\.m2\repository\commons-configuration\commons-configuration\1.10\commons-configuration-1.10.jar;C:\Users\vnefedencova\.m2\repository\commons-lang\commons-lang\2.6\commons-lang-2.6.jar;C:\Users\vnefedencova\.m2\repository\info\cukes\cucumber-junit\1.2.5\cucumber-junit-1.2.5.jar;C:\Users\vnefedencova\.m2\repository\info\cukes\cucumber-core\1.2.5\cucumber-core-1.2.5.jar;C:\Users\vnefedencova\.m2\repository\info\cukes\cucumber-html\0.2.3\cucumber-html-0.2.3.jar;C:\Users\vnefedencova\.m2\repository\info\cukes\cucumber-jvm-deps\1.0.5\cucumber-jvm-deps-1.0.5.jar;C:\Users\vnefedencova\.m2\repository\info\cukes\gherkin\2.12.2\gherkin-2.12.2.jar;C:\Users\vnefedencova\.m2\repository\com\vimalselvam\cucumber-extentsreport\3.1.0\cucumber-extentsreport-3.1.0.jar;C:\Users\vnefedencova\.m2\repository\io\cucumber\cucumber-testng\7.15.0\cucumber-testng-7.15.0.jar;C:\Users\vnefedencova\.m2\repository\io\cucumber\gherkin\28.0.0\gherkin-28.0.0.jar;C:\Users\vnefedencova\.m2\repository\io\cucumber\messages\22.0.0\messages-22.0.0.jar;"/>
    <property name="sun.cpu.endian" value="little"/>
    <property name="user.home" value="C:\Users\vnefedencova"/>
    <property name="user.language" value="en"/>
    <property name="java.specification.vendor" value="Oracle Corporation"/>
    <property name="java.version.date" value="2023-08-24"/>
    <property name="java.home" value="C:\Users\vnefedencova\.jdks\temurin-17.0.8.1"/>
    <property name="file.separator" value="\"/>
    <property name="basedir" value="C:\Users\vnefedencova\ProjectAV\Project-Demo"/>
    <property name="java.vm.compressedOopsMode" value="Zero based"/>
    <property name="line.separator" value="&#10;"/>
    <property name="java.vm.specification.vendor" value="Oracle Corporation"/>
    <property name="java.specification.name" value="Java Platform API Specification"/>
    <property name="surefire.real.class.path" value="C:\Users\vnefedencova\AppData\Local\Temp\surefire4226659571304824718\surefirebooter5238054098694571433.jar"/>
    <property name="user.script" value=""/>
    <property name="sun.management.compiler" value="HotSpot 64-Bit Tiered Compilers"/>
    <property name="java.runtime.version" value="17.0.8.1+1"/>
    <property name="user.name" value="vnefedencova"/>
    <property name="path.separator" value=";"/>
    <property name="os.version" value="10.0"/>
    <property name="java.runtime.name" value="OpenJDK Runtime Environment"/>
    <property name="file.encoding" value="Cp1252"/>
    <property name="java.vm.name" value="OpenJDK 64-Bit Server VM"/>
    <property name="java.vendor.version" value="Temurin-17.0.8.1+1"/>
    <property name="localRepository" value="C:\Users\vnefedencova\.m2\repository"/>
    <property name="java.vendor.url.bug" value="https://github.com/adoptium/adoptium-support/issues"/>
    <property name="java.io.tmpdir" value="C:\Users\VNEFED~1\AppData\Local\Temp\"/>
    <property name="java.version" value="17.0.8.1"/>
    <property name="user.dir" value="C:\Users\vnefedencova\ProjectAV\Project-Demo"/>
    <property name="os.arch" value="amd64"/>
    <property name="java.vm.specification.name" value="Java Virtual Machine Specification"/>
    <property name="user.language.format" value="ru"/>
    <property name="sun.os.patch.level" value=""/>
    <property name="native.encoding" value="Cp1252"/>
    <property name="java.library.path" value="C:\Users\vnefedencova\.jdks\temurin-17.0.8.1\bin;C:\WINDOWS\Sun\Java\bin;C:\WINDOWS\system32;C:\WINDOWS;C:\Program Files (x86)\Common Files\Oracle\Java\java8path;C:\Program Files (x86)\Common Files\Oracle\Java\javapath;C:\Users\vnefedencova\bin;C:\WINDOWS\system32;C:\WINDOWS;C:\WINDOWS\System32\Wbem;C:\WINDOWS\System32\WindowsPowerShell\v1.0\;C:\WINDOWS\System32\OpenSSH\;C:\Program Files\Microsoft SQL Server\Client SDK\ODBC\170\Tools\Binn\;C:\Program Files (x86)\Microsoft SQL Server\150\Tools\Binn\;C:\Program Files\Microsoft SQL Server\150\Tools\Binn\;C:\Program Files\Microsoft SQL Server\150\DTS\Binn\;C:\Program Files\Azure Data Studio\bin;C:\Program Files\allure-2.18.0\bin;C:\Program Files\nodejs\;%JAVA_HOME%\bin;C:\Users\vnefedencova\apache-maven-3.9.5\bin;C:\Program Files\Git\cmd;C:\Users\vnefedencova\.jdks\temurin-17.0.8.1\bin;C:\Users\vnefedencova\AppData\Local\Microsoft\WindowsApps;C:\Program Files\Azure Data Studio\bin;C:\Users\vnefedencova\AppData\Roaming\npm;;."/>
    <property name="java.vm.info" value="mixed mode, sharing"/>
    <property name="java.vendor" value="Eclipse Adoptium"/>
    <property name="java.vm.version" value="17.0.8.1+1"/>
    <property name="sun.io.unicode.encoding" value="UnicodeLittle"/>
    <property name="java.class.version" value="61.0"/>
  </properties>
</testsuite>