<?xml version="1.0" encoding="UTF-8"?>
<!-- Generated by org.testng.reporters.JUnitReportReporter -->
<testsuite hostname="EN412091" failures="0" tests="1" name="org.example.NasaWebTest" time="43.266" errors="0" timestamp="2024-11-27T17:36:31 EET" skipped="0">
  <testcase classname="org.example.NasaWebTest" name="testWebPageInteractions" time="43.266"/>
  <system-out/>
</testsuite> <!-- org.example.NasaWebTest -->
