<?xml version="1.0" encoding="UTF-8"?>
<!-- Generated by org.testng.reporters.JUnitReportReporter -->
<testsuite hostname="EN412091" failures="0" tests="1" name="org.example.NasaWebTest" time="0.000" errors="0" timestamp="2024-11-13T16:29:48 EET" skipped="0">
  <testcase classname="org.example.NasaWebTest" name="testWebPage" time="0.000"/>
  <system-out/>
</testsuite> <!-- org.example.NasaWebTest -->
