<?xml version="1.0" encoding="UTF-8"?>
<!-- Generated by org.testng.reporters.JUnitReportReporter -->
<testsuite hostname="EN412091" failures="0" tests="1" name="org.example.NasaEarthImagery" time="0.002" errors="0" timestamp="2024-11-18T15:46:55 EET" skipped="0">
  <testcase classname="org.example.NasaEarthImagery" name="testImageryProcessing" time="0.002"/>
  <system-out/>
</testsuite> <!-- org.example.NasaEarthImagery -->
