<?xml version="1.0" encoding="UTF-8"?>
<!-- Generated by org.testng.reporters.JUnitReportReporter -->
<testsuite hostname="EN412091" failures="0" tests="1" name="org.example.NasaWebTest" time="51.539" errors="0" timestamp="2024-11-18T15:47:47 EET" skipped="0">
  <testcase classname="org.example.NasaWebTest" name="testWebPageInteractions" time="51.539"/>
  <system-out/>
</testsuite> <!-- org.example.NasaWebTest -->
